2020-02-05 02:22:41 input v 21 53
2020-02-05 02:22:41 input o 21 54
2020-02-05 02:22:41 input l 21 55
2020-02-05 02:22:41 input c 21 56
2020-02-05 02:22:41 input a 21 57
2020-02-05 02:22:42 input n 21 58
2020-02-05 02:22:42 input o 21 59
2020-02-05 02:22:42 input s 21 60
2020-02-05 02:22:50 input l 22 46
2020-02-05 02:22:50 input o 22 47
2020-02-05 02:22:50 input c 22 48
2020-02-05 02:22:50 input a 22 49
2020-02-05 02:22:50 input l 22 50
2020-02-05 02:22:50 input h 22 51
2020-02-05 02:22:50 input o 22 52
2020-02-05 02:22:51 input s 22 53
2020-02-05 02:22:51 input t 22 54
2020-02-05 02:22:51 input : 22 55
2020-02-05 02:22:52 input 9 22 56
2020-02-05 02:22:52 input 0 22 57
2020-02-05 02:22:52 input 2 22 58
2020-02-05 02:22:52 input 0 22 59
2020-02-05 10:48:58 input c 10 33
2020-02-05 10:48:58 input r 10 34
2020-02-05 10:48:59 input h 10 35
2020-02-05 10:48:59 input o 10 36
2020-02-05 10:48:59 input m 10 37
2020-02-05 10:48:59 input e 10 38
2020-02-05 10:49:00 input c 10 33
2020-02-05 10:49:00 input h 10 34
2020-02-05 10:49:01 input r 10 35
2020-02-05 10:49:01 input o 10 36
2020-02-05 10:49:01 input m 10 37
2020-02-05 10:49:01 input e 10 38
2020-02-05 10:49:02 input c 10 49
2020-02-05 10:49:02 input r 10 50
2020-02-05 10:49:02 input h 10 51
2020-02-05 10:49:02 input o 10 52
2020-02-05 10:49:02 input m 10 53
2020-02-05 10:49:02 input e 10 54
2020-02-05 10:49:02 input c 10 49
2020-02-05 10:49:02 input h 10 50
2020-02-05 10:49:02 input r 10 51
2020-02-05 10:49:02 input o 10 52
2020-02-05 10:49:02 input m 10 53
2020-02-05 10:49:02 input e 10 54
2020-02-05 10:49:04 input c 13 4
2020-02-05 10:49:04 input r 13 5
2020-02-05 10:49:04 input h 13 6
2020-02-05 10:49:04 input o 13 7
2020-02-05 10:49:04 input m 13 8
2020-02-05 10:49:04 input e 13 9
2020-02-05 10:49:04 input c 13 4
2020-02-05 10:49:04 input h 13 5
2020-02-05 10:49:04 input r 13 6
2020-02-05 10:49:04 input o 13 7
2020-02-05 10:49:04 input m 13 8
2020-02-05 10:49:04 input e 13 9
2020-02-05 10:49:05 input c 13 21
2020-02-05 10:49:05 input r 13 22
2020-02-05 10:49:05 input h 13 23
2020-02-05 10:49:05 input o 13 24
2020-02-05 10:49:05 input m 13 25
2020-02-05 10:49:05 input e 13 26
2020-02-05 10:49:05 input c 13 21
2020-02-05 10:49:05 input h 13 22
2020-02-05 10:49:05 input r 13 23
2020-02-05 10:49:05 input o 13 24
2020-02-05 10:49:05 input m 13 25
2020-02-05 10:49:05 input e 13 26
2020-02-05 10:49:05 input c 13 37
2020-02-05 10:49:05 input r 13 38
2020-02-05 10:49:05 input h 13 39
2020-02-05 10:49:05 input o 13 40
2020-02-05 10:49:05 input m 13 41
2020-02-05 10:49:05 input e 13 42
2020-02-05 10:49:05 input c 13 37
2020-02-05 10:49:05 input h 13 38
2020-02-05 10:49:05 input r 13 39
2020-02-05 10:49:05 input o 13 40
2020-02-05 10:49:05 input m 13 41
2020-02-05 10:49:05 input e 13 42
2020-02-05 10:49:06 input c 19 31
2020-02-05 10:49:06 input r 19 32
2020-02-05 10:49:06 input h 19 33
2020-02-05 10:49:06 input o 19 34
2020-02-05 10:49:06 input m 19 35
2020-02-05 10:49:06 input e 19 36
2020-02-05 10:49:06 input c 19 31
2020-02-05 10:49:06 input h 19 32
2020-02-05 10:49:06 input r 19 33
2020-02-05 10:49:06 input o 19 34
2020-02-05 10:49:06 input m 19 35
2020-02-05 10:49:06 input e 19 36
2020-02-05 10:49:07 input c 22 4
2020-02-05 10:49:07 input r 22 5
2020-02-05 10:49:07 input h 22 6
2020-02-05 10:49:07 input o 22 7
2020-02-05 10:49:07 input m 22 8
2020-02-05 10:49:07 input e 22 9
2020-02-05 10:49:07 input c 22 4
2020-02-05 10:49:07 input h 22 5
2020-02-05 10:49:07 input r 22 6
2020-02-05 10:49:07 input o 22 7
2020-02-05 10:49:07 input m 22 8
2020-02-05 10:49:07 input e 22 9
2020-02-05 10:49:07 input c 22 21
2020-02-05 10:49:07 input r 22 22
2020-02-05 10:49:07 input h 22 23
2020-02-05 10:49:07 input o 22 24
2020-02-05 10:49:07 input m 22 25
2020-02-05 10:49:07 input e 22 26
2020-02-05 10:49:07 input c 22 21
2020-02-05 10:49:07 input h 22 22
2020-02-05 10:49:07 input r 22 23
2020-02-05 10:49:07 input o 22 24
2020-02-05 10:49:07 input m 22 25
2020-02-05 10:49:07 input e 22 26
2020-02-05 10:49:08 input c 22 37
2020-02-05 10:49:08 input r 22 38
2020-02-05 10:49:08 input h 22 39
2020-02-05 10:49:08 input o 22 40
2020-02-05 10:49:08 input m 22 41
2020-02-05 10:49:08 input e 22 42
2020-02-05 10:49:08 input c 22 37
2020-02-05 10:49:08 input h 22 38
2020-02-05 10:49:08 input r 22 39
2020-02-05 10:49:08 input o 22 40
2020-02-05 10:49:08 input m 22 41
2020-02-05 10:49:08 input e 22 42
2020-02-05 10:49:13 input c 19 5
2020-02-05 10:49:14 input r 19 6
2020-02-05 10:49:14 input x 19 7
2020-02-05 10:49:17 input c 19 20
2020-02-05 10:49:17 input r 19 21
2020-02-05 10:49:18 input x 19 22
2020-02-05 10:49:22 input / 19 33
2020-02-05 10:49:22 input c 19 34
2020-02-05 10:49:22 input r 19 35
2020-02-05 10:49:23 input x 19 36
